# JRE version: OpenJDK Runtime Environment (8.0_402-b06) (build 1.8.0_402-8u402-ga-2ubuntu1~22.04-b06)
# Java VM: OpenJDK 64-Bit Server VM (25.402-b06 mixed mode linux-amd64 compressed oops)
Heap:
 PSYoungGen      total 571392K, used 478969K [0x000000071a900000, 0x000000074ae80000, 0x00000007c0000000)
  eden space 457216K, 79% used [0x000000071a900000,0x0000000730d42388,0x0000000736780000)
  from space 114176K, 99% used [0x000000073ff00000,0x0000000746e7c190,0x0000000746e80000)
  to   space 155136K, 0% used [0x0000000736780000,0x0000000736780000,0x000000073ff00000)
 ParOldGen       total 1929216K, used 1426220K [0x00000005cfa00000, 0x0000000645600000, 0x000000071a900000)
  object space 1929216K, 73% used [0x00000005cfa00000,0x0000000626acb388,0x0000000645600000)
 Metaspace       used 19663K, capacity 19883K, committed 20224K, reserved 1067008K
  class space    used 1922K, capacity 1995K, committed 2048K, reserved 1048576K
GC Heap History (10 events):
Event: 0,916 GC heap before
{Heap before GC invocations=8 (full 3):
 PSYoungGen      total 464384K, used 20744K [0x000000071a900000, 0x0000000741300000, 0x00000007c0000000)
  eden space 443392K, 0% used [0x000000071a900000,0x000000071a900000,0x0000000735a00000)
  from space 20992K, 98% used [0x0000000739d00000,0x000000073b142150,0x000000073b180000)
  to   space 94720K, 0% used [0x000000073b680000,0x000000073b680000,0x0000000741300000)
 ParOldGen       total 1336832K, used 1020294K [0x00000005cfa00000, 0x0000000621380000, 0x000000071a900000)
  object space 1336832K, 76% used [0x00000005cfa00000,0x000000060de61990,0x0000000621380000)
 Metaspace       used 13656K, capacity 13870K, committed 14080K, reserved 1062912K
  class space    used 1357K, capacity 1445K, committed 1536K, reserved 1048576K
Event: 0,994 GC heap after
Heap after GC invocations=8 (full 3):
 PSYoungGen      total 464384K, used 0K [0x000000071a900000, 0x0000000741300000, 0x00000007c0000000)
  eden space 443392K, 0% used [0x000000071a900000,0x000000071a900000,0x0000000735a00000)
  from space 20992K, 0% used [0x0000000739d00000,0x0000000739d00000,0x000000073b180000)
  to   space 94720K, 0% used [0x000000073b680000,0x000000073b680000,0x0000000741300000)
 ParOldGen       total 1929216K, used 1015128K [0x00000005cfa00000, 0x0000000645600000, 0x000000071a900000)
  object space 1929216K, 52% used [0x00000005cfa00000,0x000000060d9562c0,0x0000000645600000)
 Metaspace       used 13656K, capacity 13870K, committed 14080K, reserved 1062912K
  class space    used 1357K, capacity 1445K, committed 1536K, reserved 1048576K
}
Event: 6,830 GC heap before
{Heap before GC invocations=9 (full 3):
 PSYoungGen      total 464384K, used 412876K [0x000000071a900000, 0x0000000741300000, 0x00000007c0000000)
  eden space 443392K, 93% used [0x000000071a900000,0x0000000733c33200,0x0000000735a00000)
  from space 20992K, 0% used [0x0000000739d00000,0x0000000739d00000,0x000000073b180000)
  to   space 94720K, 0% used [0x000000073b680000,0x000000073b680000,0x0000000741300000)
 ParOldGen       total 1929216K, used 1015128K [0x00000005cfa00000, 0x0000000645600000, 0x000000071a900000)
  object space 1929216K, 52% used [0x00000005cfa00000,0x000000060d9562c0,0x0000000645600000)
 Metaspace       used 14803K, capacity 15027K, committed 15360K, reserved 1062912K
  class space    used 1361K, capacity 1445K, committed 1536K, reserved 1048576K
Event: 6,849 GC heap after
Heap after GC invocations=9 (full 3):
 PSYoungGen      total 514560K, used 94625K [0x000000071a900000, 0x000000074a680000, 0x00000007c0000000)
  eden space 419840K, 0% used [0x000000071a900000,0x000000071a900000,0x0000000734300000)
  from space 94720K, 99% used [0x000000073b680000,0x00000007412e85c0,0x0000000741300000)
  to   space 118272K, 0% used [0x0000000734300000,0x0000000734300000,0x000000073b680000)
 ParOldGen       total 1929216K, used 1294692K [0x00000005cfa00000, 0x0000000645600000, 0x000000071a900000)
  object space 1929216K, 67% used [0x00000005cfa00000,0x000000061ea593d0,0x0000000645600000)
 Metaspace       used 14803K, capacity 15027K, committed 15360K, reserved 1062912K
  class space    used 1361K, capacity 1445K, committed 1536K, reserved 1048576K
}
Event: 6,849 GC heap before
{Heap before GC invocations=10 (full 4):
 PSYoungGen      total 514560K, used 94625K [0x000000071a900000, 0x000000074a680000, 0x00000007c0000000)
  eden space 419840K, 0% used [0x000000071a900000,0x000000071a900000,0x0000000734300000)
  from space 94720K, 99% used [0x000000073b680000,0x00000007412e85c0,0x0000000741300000)
  to   space 118272K, 0% used [0x0000000734300000,0x0000000734300000,0x000000073b680000)
 ParOldGen       total 1929216K, used 1294692K [0x00000005cfa00000, 0x0000000645600000, 0x000000071a900000)
  object space 1929216K, 67% used [0x00000005cfa00000,0x000000061ea593d0,0x0000000645600000)
 Metaspace       used 14803K, capacity 15027K, committed 15360K, reserved 1062912K
  class space    used 1361K, capacity 1445K, committed 1536K, reserved 1048576K
Event: 6,991 GC heap after
Heap after GC invocations=10 (full 4):
 PSYoungGen      total 514560K, used 0K [0x000000071a900000, 0x000000074a680000, 0x00000007c0000000)
  eden space 419840K, 0% used [0x000000071a900000,0x000000071a900000,0x0000000734300000)
  from space 94720K, 0% used [0x000000073b680000,0x000000073b680000,0x0000000741300000)
  to   space 118272K, 0% used [0x0000000734300000,0x0000000734300000,0x000000073b680000)
 ParOldGen       total 1929216K, used 1384808K [0x00000005cfa00000, 0x0000000645600000, 0x000000071a900000)
  object space 1929216K, 71% used [0x00000005cfa00000,0x000000062425a298,0x0000000645600000)
 Metaspace       used 14803K, capacity 15027K, committed 15360K, reserved 1062912K
  class space    used 1361K, capacity 1445K, committed 1536K, reserved 1048576K
}
Event: 1903,155 GC heap before
{Heap before GC invocations=11 (full 4):
 PSYoungGen      total 514560K, used 419766K [0x000000071a900000, 0x000000074a680000, 0x00000007c0000000)
  eden space 419840K, 99% used [0x000000071a900000,0x00000007342edb48,0x0000000734300000)
  from space 94720K, 0% used [0x000000073b680000,0x000000073b680000,0x0000000741300000)
  to   space 118272K, 0% used [0x0000000734300000,0x0000000734300000,0x000000073b680000)
 ParOldGen       total 1929216K, used 1384808K [0x00000005cfa00000, 0x0000000645600000, 0x000000071a900000)
  object space 1929216K, 71% used [0x00000005cfa00000,0x000000062425a298,0x0000000645600000)
 Metaspace       used 16724K, capacity 16883K, committed 17024K, reserved 1064960K
  class space    used 1559K, capacity 1637K, committed 1664K, reserved 1048576K
Event: 1903,160 GC heap after
Heap after GC invocations=11 (full 4):
 PSYoungGen      total 538112K, used 18690K [0x000000071a900000, 0x0000000746e80000, 0x00000007c0000000)
  eden space 419840K, 0% used [0x000000071a900000,0x000000071a900000,0x0000000734300000)
  from space 118272K, 15% used [0x0000000734300000,0x0000000735540b58,0x000000073b680000)
  to   space 114176K, 0% used [0x000000073ff00000,0x000000073ff00000,0x0000000746e80000)
 ParOldGen       total 1929216K, used 1384816K [0x00000005cfa00000, 0x0000000645600000, 0x000000071a900000)
  object space 1929216K, 71% used [0x00000005cfa00000,0x000000062425c298,0x0000000645600000)
 Metaspace       used 16724K, capacity 16883K, committed 17024K, reserved 1064960K
  class space    used 1559K, capacity 1637K, committed 1664K, reserved 1048576K
}
Event: 2682,824 GC heap before
{Heap before GC invocations=12 (full 4):
 PSYoungGen      total 538112K, used 438403K [0x000000071a900000, 0x0000000746e80000, 0x00000007c0000000)
  eden space 419840K, 99% used [0x000000071a900000,0x00000007342e01e0,0x0000000734300000)
  from space 118272K, 15% used [0x0000000734300000,0x0000000735540b58,0x000000073b680000)
  to   space 114176K, 0% used [0x000000073ff00000,0x000000073ff00000,0x0000000746e80000)
 ParOldGen       total 1929216K, used 1384816K [0x00000005cfa00000, 0x0000000645600000, 0x000000071a900000)
  object space 1929216K, 71% used [0x00000005cfa00000,0x000000062425c298,0x0000000645600000)
 Metaspace       used 19510K, capacity 19691K, committed 19968K, reserved 1067008K
  class space    used 1910K, capacity 1995K, committed 2048K, reserved 1048576K
Event: 2682,833 GC heap after
Heap after GC invocations=12 (full 4):
 PSYoungGen      total 571392K, used 114160K [0x000000071a900000, 0x000000074ae80000, 0x00000007c0000000)
  eden space 457216K, 0% used [0x000000071a900000,0x000000071a900000,0x0000000736780000)
  from space 114176K, 99% used [0x000000073ff00000,0x0000000746e7c190,0x0000000746e80000)
  to   space 155136K, 0% used [0x0000000736780000,0x0000000736780000,0x000000073ff00000)
 ParOldGen       total 1929216K, used 1426220K [0x00000005cfa00000, 0x0000000645600000, 0x000000071a900000)
  object space 1929216K, 73% used [0x00000005cfa00000,0x0000000626acb388,0x0000000645600000)
 Metaspace       used 19510K, capacity 19691K, committed 19968K, reserved 1067008K
  class space    used 1910K, capacity 1995K, committed 2048K, reserved 1048576K
}

